[2013-03-19 14:03:42] Connection error: Access denied for user 'root'@'localhost' (using password: YES) <>
[2013-03-19 14:03:42] Could node connect for query: SELECT `id` , `parent_id` , `position` , `left` , `right` , `level` , `title` , `type` FROM `tree` WHERE `parent_id` = 1 ORDER BY `position` ASC <>
[2013-03-19 14:03:42] No query pending <>
[2013-03-19 14:03:42] TRUNCATE TABLE `tree` <>
[2013-03-19 14:03:42] INSERT INTO `tree` (`id`, `parent_id`, `position`, `left`, `right`, `level` ) VALUES (1, 0, 0, 1, 2, 0 ) <>
[2013-03-19 14:03:42] SELECT `id` , `parent_id` , `position` , `left` , `right` , `level` , `title` , `type` FROM `tree` WHERE `id` = 0 <>
[2013-03-19 14:03:42] No query pending <>
[2013-03-19 14:03:42] nf: no result set <>
[2013-03-19 14:03:42] SELECT `id` , `parent_id` , `position` , `left` , `right` , `level` , `title` , `type` FROM `tree` WHERE `parent_id` = 0 ORDER BY `position` ASC <>
[2013-03-19 14:03:42] No query pending <>
[2013-03-19 14:03:42] SELECT `id` , `parent_id` , `position` , `left` , `right` , `level` , `title` , `type` FROM `tree` WHERE `id` = 1 <>
[2013-03-19 14:03:42] No query pending <>
[2013-03-19 14:03:42] nf: no result set <>
[2013-03-19 14:03:42] SELECT `id` , `parent_id` , `position` , `left` , `right` , `level` , `title` , `type` FROM `tree` WHERE `parent_id` = 1 ORDER BY `position` ASC <>
[2013-03-19 14:03:42] No query pending <>
[2013-03-19 14:03:42] UPDATE `tree` SET `position` = `position` + 1 WHERE `parent_id` = 1 AND `position` >= 0  AND `id` NOT IN (-1)  <>
[2013-03-19 14:03:42] UPDATE `tree` SET `left` = `left` + 2 WHERE `left` >= 1  AND `id` NOT IN (-1)  <>
[2013-03-19 14:03:43] UPDATE `tree` SET `right` = `right` + 2 WHERE `right` >= 1  AND `id` NOT IN (-1)  <>
[2013-03-19 14:03:43] INSERT INTO `tree` (`parent_id`, `position`, `left`, `right`, `level` ) VALUES (1, 0, 1, 2, 1) <>
[2013-03-19 14:03:43] SELECT `id` , `parent_id` , `position` , `left` , `right` , `level` , `title` , `type` FROM `tree` WHERE `id` = 0 <>
[2013-03-19 14:03:43] No query pending <>
[2013-03-19 14:03:43] nf: no result set <>
[2013-03-19 14:03:43] SELECT `id` , `parent_id` , `position` , `left` , `right` , `level` , `title` , `type` FROM `tree` WHERE `parent_id` = 0 ORDER BY `position` ASC <>
[2013-03-19 14:03:43] No query pending <>
[2013-03-19 14:03:43] SELECT `id` , `parent_id` , `position` , `left` , `right` , `level` , `title` , `type` FROM `tree` WHERE `id` = 1 <>
[2013-03-19 14:03:43] No query pending <>
[2013-03-19 14:03:43] nf: no result set <>
[2013-03-19 14:03:43] SELECT `id` , `parent_id` , `position` , `left` , `right` , `level` , `title` , `type` FROM `tree` WHERE `parent_id` = 1 ORDER BY `position` ASC <>
[2013-03-19 14:03:43] No query pending <>
[2013-03-19 14:03:43] UPDATE `tree` SET `position` = `position` + 1 WHERE `parent_id` = 1 AND `position` >= 0  AND `id` NOT IN (-1)  <>
[2013-03-19 14:03:43] UPDATE `tree` SET `left` = `left` + 2 WHERE `left` >= 1  AND `id` NOT IN (-1)  <>
[2013-03-19 14:03:43] UPDATE `tree` SET `right` = `right` + 2 WHERE `right` >= 1  AND `id` NOT IN (-1)  <>
[2013-03-19 14:03:43] INSERT INTO `tree` (`parent_id`, `position`, `left`, `right`, `level` ) VALUES (1, 0, 1, 2, 1) <>
[2013-03-19 14:03:43] SELECT `id` , `parent_id` , `position` , `left` , `right` , `level` , `title` , `type` FROM `tree` WHERE `id` = 0 <>
[2013-03-19 14:03:43] No query pending <>
[2013-03-19 14:03:43] nf: no result set <>
[2013-03-19 14:03:43] SELECT `id` , `parent_id` , `position` , `left` , `right` , `level` , `title` , `type` FROM `tree` WHERE `parent_id` = 0 ORDER BY `position` ASC <>
[2013-03-19 14:03:43] No query pending <>
[2013-03-19 14:03:43] SELECT `id` , `parent_id` , `position` , `left` , `right` , `level` , `title` , `type` FROM `tree` WHERE `id` = 2 <>
[2013-03-19 14:03:43] No query pending <>
[2013-03-19 14:03:43] nf: no result set <>
[2013-03-19 14:03:43] SELECT `id` , `parent_id` , `position` , `left` , `right` , `level` , `title` , `type` FROM `tree` WHERE `parent_id` = 2 ORDER BY `position` ASC <>
[2013-03-19 14:03:43] No query pending <>
[2013-03-19 14:03:43] UPDATE `tree` SET `position` = `position` + 1 WHERE `parent_id` = 2 AND `position` >= 0  AND `id` NOT IN (-1)  <>
[2013-03-19 14:03:43] UPDATE `tree` SET `left` = `left` + 2 WHERE `left` >= 1  AND `id` NOT IN (-1)  <>
[2013-03-19 14:03:43] UPDATE `tree` SET `right` = `right` + 2 WHERE `right` >= 1  AND `id` NOT IN (-1)  <>
[2013-03-19 14:03:43] INSERT INTO `tree` (`parent_id`, `position`, `left`, `right`, `level` ) VALUES (2, 0, 1, 2, 1) <>
[2013-03-19 14:03:43] SELECT `id` , `parent_id` , `position` , `left` , `right` , `level` , `title` , `type` FROM `tree` WHERE `id` = 0 <>
[2013-03-19 14:03:43] No query pending <>
[2013-03-19 14:03:43] nf: no result set <>
[2013-03-19 14:03:43] SELECT `id` , `parent_id` , `position` , `left` , `right` , `level` , `title` , `type` FROM `tree` WHERE `parent_id` = 0 ORDER BY `position` ASC <>
[2013-03-19 14:03:43] No query pending <>
[2013-03-19 14:03:43] SELECT `id` , `parent_id` , `position` , `left` , `right` , `level` , `title` , `type` FROM `tree` WHERE `id` = 2 <>
[2013-03-19 14:03:43] No query pending <>
[2013-03-19 14:03:43] nf: no result set <>
[2013-03-19 14:03:43] SELECT `id` , `parent_id` , `position` , `left` , `right` , `level` , `title` , `type` FROM `tree` WHERE `parent_id` = 2 ORDER BY `position` ASC <>
[2013-03-19 14:03:43] No query pending <>
[2013-03-19 14:03:43] UPDATE `tree` SET `position` = `position` + 1 WHERE `parent_id` = 2 AND `position` >= 0  AND `id` NOT IN (-1)  <>
[2013-03-19 14:03:43] UPDATE `tree` SET `left` = `left` + 2 WHERE `left` >= 1  AND `id` NOT IN (-1)  <>
[2013-03-19 14:03:43] UPDATE `tree` SET `right` = `right` + 2 WHERE `right` >= 1  AND `id` NOT IN (-1)  <>
[2013-03-19 14:03:43] INSERT INTO `tree` (`parent_id`, `position`, `left`, `right`, `level` ) VALUES (2, 0, 1, 2, 1) <>
[2013-03-19 14:03:43] SELECT `id` , `parent_id` , `position` , `left` , `right` , `level` , `title` , `type` FROM `tree` WHERE `id` = 0 <>
[2013-03-19 14:03:43] No query pending <>
[2013-03-19 14:03:43] nf: no result set <>
[2013-03-19 14:03:43] SELECT `id` , `parent_id` , `position` , `left` , `right` , `level` , `title` , `type` FROM `tree` WHERE `parent_id` = 0 ORDER BY `position` ASC <>
[2013-03-19 14:03:43] No query pending <>
[2013-03-19 14:03:43] SELECT `id` , `parent_id` , `position` , `left` , `right` , `level` , `title` , `type` FROM `tree` WHERE `id` = 4 <>
[2013-03-19 14:03:43] No query pending <>
[2013-03-19 14:03:43] nf: no result set <>
[2013-03-19 14:03:43] SELECT `id` , `parent_id` , `position` , `left` , `right` , `level` , `title` , `type` FROM `tree` WHERE `parent_id` = 4 ORDER BY `position` ASC <>
[2013-03-19 14:03:43] No query pending <>
[2013-03-19 14:03:43] UPDATE `tree` SET `position` = `position` + 1 WHERE `parent_id` = 4 AND `position` >= 0  AND `id` NOT IN (-1)  <>
[2013-03-19 14:03:43] UPDATE `tree` SET `left` = `left` + 2 WHERE `left` >= 1  AND `id` NOT IN (-1)  <>
[2013-03-19 14:03:43] UPDATE `tree` SET `right` = `right` + 2 WHERE `right` >= 1  AND `id` NOT IN (-1)  <>
[2013-03-19 14:03:43] INSERT INTO `tree` (`parent_id`, `position`, `left`, `right`, `level` ) VALUES (4, 0, 1, 2, 1) <>
[2013-03-19 14:03:43] SELECT `id` , `parent_id` , `position` , `left` , `right` , `level` , `title` , `type` FROM `tree` WHERE `id` = 0 <>
[2013-03-19 14:03:43] No query pending <>
[2013-03-19 14:03:43] nf: no result set <>
[2013-03-19 14:03:43] SELECT `id` , `parent_id` , `position` , `left` , `right` , `level` , `title` , `type` FROM `tree` WHERE `parent_id` = 0 ORDER BY `position` ASC <>
[2013-03-19 14:03:43] No query pending <>
[2013-03-19 14:03:43] SELECT `id` , `parent_id` , `position` , `left` , `right` , `level` , `title` , `type` FROM `tree` WHERE `id` = 5 <>
[2013-03-19 14:03:43] No query pending <>
[2013-03-19 14:03:43] nf: no result set <>
[2013-03-19 14:03:43] SELECT `id` , `parent_id` , `position` , `left` , `right` , `level` , `title` , `type` FROM `tree` WHERE `parent_id` = 5 ORDER BY `position` ASC <>
[2013-03-19 14:03:43] No query pending <>
[2013-03-19 14:03:43] UPDATE `tree` SET `position` = `position` + 1 WHERE `parent_id` = 5 AND `position` >= 0  AND `id` NOT IN (-1)  <>
[2013-03-19 14:03:43] UPDATE `tree` SET `left` = `left` + 2 WHERE `left` >= 1  AND `id` NOT IN (-1)  <>
[2013-03-19 14:03:43] UPDATE `tree` SET `right` = `right` + 2 WHERE `right` >= 1  AND `id` NOT IN (-1)  <>
[2013-03-19 14:03:43] INSERT INTO `tree` (`parent_id`, `position`, `left`, `right`, `level` ) VALUES (5, 0, 1, 2, 1) <>
[2013-03-19 14:03:43] SELECT `id` , `parent_id` , `position` , `left` , `right` , `level` , `title` , `type` FROM `tree` WHERE `parent_id` = 1 ORDER BY `position` ASC <>
[2013-03-19 14:03:43] No query pending <>
[2013-12-03 08:57:13] Connection error: Access denied for user 'root'@'localhost' (using password: YES) <>
[2013-12-03 08:57:13] Could node connect for query: SELECT `id` , `parent_id` , `position` , `left` , `right` , `level` , `title` , `type` FROM `tree` WHERE `parent_id` = 1 ORDER BY `position` ASC <>
[2013-12-03 08:57:13] No query pending <>
[2013-12-03 08:57:13] TRUNCATE TABLE `tree` <>
[2013-12-03 08:57:13] INSERT INTO `tree` (`id`, `parent_id`, `position`, `left`, `right`, `level` ) VALUES (1, 0, 0, 1, 2, 0 ) <>
[2013-12-03 08:57:13] SELECT `id` , `parent_id` , `position` , `left` , `right` , `level` , `title` , `type` FROM `tree` WHERE `id` = 0 <>
[2013-12-03 08:57:13] No query pending <>
[2013-12-03 08:57:13] nf: no result set <>
[2013-12-03 08:57:13] SELECT `id` , `parent_id` , `position` , `left` , `right` , `level` , `title` , `type` FROM `tree` WHERE `parent_id` = 0 ORDER BY `position` ASC <>
[2013-12-03 08:57:13] No query pending <>
[2013-12-03 08:57:13] SELECT `id` , `parent_id` , `position` , `left` , `right` , `level` , `title` , `type` FROM `tree` WHERE `id` = 1 <>
[2013-12-03 08:57:13] No query pending <>
[2013-12-03 08:57:13] nf: no result set <>
[2013-12-03 08:57:13] SELECT `id` , `parent_id` , `position` , `left` , `right` , `level` , `title` , `type` FROM `tree` WHERE `parent_id` = 1 ORDER BY `position` ASC <>
[2013-12-03 08:57:13] No query pending <>
[2013-12-03 08:57:13] UPDATE `tree` SET `position` = `position` + 1 WHERE `parent_id` = 1 AND `position` >= 0  AND `id` NOT IN (-1)  <>
[2013-12-03 08:57:13] UPDATE `tree` SET `left` = `left` + 2 WHERE `left` >= 1  AND `id` NOT IN (-1)  <>
[2013-12-03 08:57:13] UPDATE `tree` SET `right` = `right` + 2 WHERE `right` >= 1  AND `id` NOT IN (-1)  <>
[2013-12-03 08:57:13] INSERT INTO `tree` (`parent_id`, `position`, `left`, `right`, `level` ) VALUES (1, 0, 1, 2, 1) <>
[2013-12-03 08:57:13] SELECT `id` , `parent_id` , `position` , `left` , `right` , `level` , `title` , `type` FROM `tree` WHERE `id` = 0 <>
[2013-12-03 08:57:13] No query pending <>
[2013-12-03 08:57:13] nf: no result set <>
[2013-12-03 08:57:13] SELECT `id` , `parent_id` , `position` , `left` , `right` , `level` , `title` , `type` FROM `tree` WHERE `parent_id` = 0 ORDER BY `position` ASC <>
[2013-12-03 08:57:13] No query pending <>
[2013-12-03 08:57:13] SELECT `id` , `parent_id` , `position` , `left` , `right` , `level` , `title` , `type` FROM `tree` WHERE `id` = 1 <>
[2013-12-03 08:57:13] No query pending <>
[2013-12-03 08:57:13] nf: no result set <>
[2013-12-03 08:57:13] SELECT `id` , `parent_id` , `position` , `left` , `right` , `level` , `title` , `type` FROM `tree` WHERE `parent_id` = 1 ORDER BY `position` ASC <>
[2013-12-03 08:57:13] No query pending <>
[2013-12-03 08:57:13] UPDATE `tree` SET `position` = `position` + 1 WHERE `parent_id` = 1 AND `position` >= 0  AND `id` NOT IN (-1)  <>
[2013-12-03 08:57:13] UPDATE `tree` SET `left` = `left` + 2 WHERE `left` >= 1  AND `id` NOT IN (-1)  <>
[2013-12-03 08:57:13] UPDATE `tree` SET `right` = `right` + 2 WHERE `right` >= 1  AND `id` NOT IN (-1)  <>
[2013-12-03 08:57:13] INSERT INTO `tree` (`parent_id`, `position`, `left`, `right`, `level` ) VALUES (1, 0, 1, 2, 1) <>
[2013-12-03 08:57:13] SELECT `id` , `parent_id` , `position` , `left` , `right` , `level` , `title` , `type` FROM `tree` WHERE `id` = 0 <>
[2013-12-03 08:57:13] No query pending <>
[2013-12-03 08:57:13] nf: no result set <>
[2013-12-03 08:57:13] SELECT `id` , `parent_id` , `position` , `left` , `right` , `level` , `title` , `type` FROM `tree` WHERE `parent_id` = 0 ORDER BY `position` ASC <>
[2013-12-03 08:57:13] No query pending <>
[2013-12-03 08:57:13] SELECT `id` , `parent_id` , `position` , `left` , `right` , `level` , `title` , `type` FROM `tree` WHERE `id` = 2 <>
[2013-12-03 08:57:13] No query pending <>
[2013-12-03 08:57:13] nf: no result set <>
[2013-12-03 08:57:13] SELECT `id` , `parent_id` , `position` , `left` , `right` , `level` , `title` , `type` FROM `tree` WHERE `parent_id` = 2 ORDER BY `position` ASC <>
[2013-12-03 08:57:13] No query pending <>
[2013-12-03 08:57:13] UPDATE `tree` SET `position` = `position` + 1 WHERE `parent_id` = 2 AND `position` >= 0  AND `id` NOT IN (-1)  <>
[2013-12-03 08:57:13] UPDATE `tree` SET `left` = `left` + 2 WHERE `left` >= 1  AND `id` NOT IN (-1)  <>
[2013-12-03 08:57:13] UPDATE `tree` SET `right` = `right` + 2 WHERE `right` >= 1  AND `id` NOT IN (-1)  <>
[2013-12-03 08:57:13] INSERT INTO `tree` (`parent_id`, `position`, `left`, `right`, `level` ) VALUES (2, 0, 1, 2, 1) <>
[2013-12-03 08:57:13] SELECT `id` , `parent_id` , `position` , `left` , `right` , `level` , `title` , `type` FROM `tree` WHERE `id` = 0 <>
[2013-12-03 08:57:13] No query pending <>
[2013-12-03 08:57:13] nf: no result set <>
[2013-12-03 08:57:13] SELECT `id` , `parent_id` , `position` , `left` , `right` , `level` , `title` , `type` FROM `tree` WHERE `parent_id` = 0 ORDER BY `position` ASC <>
[2013-12-03 08:57:13] No query pending <>
[2013-12-03 08:57:13] SELECT `id` , `parent_id` , `position` , `left` , `right` , `level` , `title` , `type` FROM `tree` WHERE `id` = 2 <>
[2013-12-03 08:57:13] No query pending <>
[2013-12-03 08:57:13] nf: no result set <>
[2013-12-03 08:57:13] SELECT `id` , `parent_id` , `position` , `left` , `right` , `level` , `title` , `type` FROM `tree` WHERE `parent_id` = 2 ORDER BY `position` ASC <>
[2013-12-03 08:57:13] No query pending <>
[2013-12-03 08:57:13] UPDATE `tree` SET `position` = `position` + 1 WHERE `parent_id` = 2 AND `position` >= 0  AND `id` NOT IN (-1)  <>
[2013-12-03 08:57:13] UPDATE `tree` SET `left` = `left` + 2 WHERE `left` >= 1  AND `id` NOT IN (-1)  <>
[2013-12-03 08:57:13] UPDATE `tree` SET `right` = `right` + 2 WHERE `right` >= 1  AND `id` NOT IN (-1)  <>
[2013-12-03 08:57:13] INSERT INTO `tree` (`parent_id`, `position`, `left`, `right`, `level` ) VALUES (2, 0, 1, 2, 1) <>
[2013-12-03 08:57:13] SELECT `id` , `parent_id` , `position` , `left` , `right` , `level` , `title` , `type` FROM `tree` WHERE `id` = 0 <>
[2013-12-03 08:57:13] No query pending <>
[2013-12-03 08:57:13] nf: no result set <>
[2013-12-03 08:57:13] SELECT `id` , `parent_id` , `position` , `left` , `right` , `level` , `title` , `type` FROM `tree` WHERE `parent_id` = 0 ORDER BY `position` ASC <>
[2013-12-03 08:57:13] No query pending <>
[2013-12-03 08:57:13] SELECT `id` , `parent_id` , `position` , `left` , `right` , `level` , `title` , `type` FROM `tree` WHERE `id` = 4 <>
[2013-12-03 08:57:13] No query pending <>
[2013-12-03 08:57:13] nf: no result set <>
[2013-12-03 08:57:13] SELECT `id` , `parent_id` , `position` , `left` , `right` , `level` , `title` , `type` FROM `tree` WHERE `parent_id` = 4 ORDER BY `position` ASC <>
[2013-12-03 08:57:13] No query pending <>
[2013-12-03 08:57:13] UPDATE `tree` SET `position` = `position` + 1 WHERE `parent_id` = 4 AND `position` >= 0  AND `id` NOT IN (-1)  <>
[2013-12-03 08:57:13] UPDATE `tree` SET `left` = `left` + 2 WHERE `left` >= 1  AND `id` NOT IN (-1)  <>
[2013-12-03 08:57:13] UPDATE `tree` SET `right` = `right` + 2 WHERE `right` >= 1  AND `id` NOT IN (-1)  <>
[2013-12-03 08:57:13] INSERT INTO `tree` (`parent_id`, `position`, `left`, `right`, `level` ) VALUES (4, 0, 1, 2, 1) <>
[2013-12-03 08:57:13] SELECT `id` , `parent_id` , `position` , `left` , `right` , `level` , `title` , `type` FROM `tree` WHERE `id` = 0 <>
[2013-12-03 08:57:13] No query pending <>
[2013-12-03 08:57:13] nf: no result set <>
[2013-12-03 08:57:13] SELECT `id` , `parent_id` , `position` , `left` , `right` , `level` , `title` , `type` FROM `tree` WHERE `parent_id` = 0 ORDER BY `position` ASC <>
[2013-12-03 08:57:13] No query pending <>
[2013-12-03 08:57:13] SELECT `id` , `parent_id` , `position` , `left` , `right` , `level` , `title` , `type` FROM `tree` WHERE `id` = 5 <>
[2013-12-03 08:57:13] No query pending <>
[2013-12-03 08:57:13] nf: no result set <>
[2013-12-03 08:57:13] SELECT `id` , `parent_id` , `position` , `left` , `right` , `level` , `title` , `type` FROM `tree` WHERE `parent_id` = 5 ORDER BY `position` ASC <>
[2013-12-03 08:57:13] No query pending <>
[2013-12-03 08:57:13] UPDATE `tree` SET `position` = `position` + 1 WHERE `parent_id` = 5 AND `position` >= 0  AND `id` NOT IN (-1)  <>
[2013-12-03 08:57:13] UPDATE `tree` SET `left` = `left` + 2 WHERE `left` >= 1  AND `id` NOT IN (-1)  <>
[2013-12-03 08:57:13] UPDATE `tree` SET `right` = `right` + 2 WHERE `right` >= 1  AND `id` NOT IN (-1)  <>
[2013-12-03 08:57:13] INSERT INTO `tree` (`parent_id`, `position`, `left`, `right`, `level` ) VALUES (5, 0, 1, 2, 1) <>
[2013-12-03 08:57:13] SELECT `id` , `parent_id` , `position` , `left` , `right` , `level` , `title` , `type` FROM `tree` WHERE `parent_id` = 1 ORDER BY `position` ASC <>
[2013-12-03 08:57:13] No query pending <>
[2013-12-04 09:23:01] CREATE TEMPORARY TABLE `temp_tree` (`id` INTEGER NOT NULL, `parent_id` INTEGER NOT NULL, `position` INTEGER NOT NULL) type=HEAP <You have an error in your SQL syntax; check the manual that corresponds to your MySQL server version for the right syntax to use near 'type=HEAP' at line 1>
[2013-12-04 09:23:01] INSERT INTO `temp_tree` SELECT `id`, `parent_id`, `position` FROM `tree` <Table 'jstree.temp_tree' doesn't exist>
[2013-12-04 09:23:01] CREATE TEMPORARY TABLE `temp_stack` (`id` INTEGER NOT NULL, `left` INTEGER, `right` INTEGER, `level` INTEGER, `stack_top` INTEGER NOT NULL, `parent_id` INTEGER, `position` INTEGER ) type=HEAP <You have an error in your SQL syntax; check the manual that corresponds to your MySQL server version for the right syntax to use near 'type=HEAP' at line 1>
[2013-12-04 09:23:01] SELECT COUNT(*) FROM temp_tree <Table 'jstree.temp_tree' doesn't exist>
[2013-12-04 09:23:01] No query pending <Table 'jstree.temp_tree' doesn't exist>
[2013-12-04 09:23:01] INSERT INTO `temp_stack` SELECT `id`, 1, NULL, 0, 1, `parent_id`, `position` FROM `temp_tree` WHERE `parent_id` = 0 <Table 'jstree.temp_stack' doesn't exist>
[2013-12-04 09:23:01] DELETE FROM `temp_tree` WHERE `parent_id` = 0 <Table 'jstree.temp_tree' doesn't exist>
[2013-12-04 09:23:01] INSERT INTO tree (`id`, `parent_id`, `position`, `left`, `right`, `level` ) SELECT `id`, `parent_id`, `position`, `left`, `right`, `level` FROM temp_stack ORDER BY `id` <Table 'jstree.temp_stack' doesn't exist>
[2013-12-04 09:23:30] CREATE TEMPORARY TABLE `temp_tree` (`id` INTEGER NOT NULL, `parent_id` INTEGER NOT NULL, `position` INTEGER NOT NULL) type=HEAP <You have an error in your SQL syntax; check the manual that corresponds to your MySQL server version for the right syntax to use near 'type=HEAP' at line 1>
[2013-12-04 09:23:30] INSERT INTO `temp_tree` SELECT `id`, `parent_id`, `position` FROM `tree` <Table 'jstree.temp_tree' doesn't exist>
[2013-12-04 09:23:30] CREATE TEMPORARY TABLE `temp_stack` (`id` INTEGER NOT NULL, `left` INTEGER, `right` INTEGER, `level` INTEGER, `stack_top` INTEGER NOT NULL, `parent_id` INTEGER, `position` INTEGER ) type=HEAP <You have an error in your SQL syntax; check the manual that corresponds to your MySQL server version for the right syntax to use near 'type=HEAP' at line 1>
[2013-12-04 09:23:30] SELECT COUNT(*) FROM temp_tree <Table 'jstree.temp_tree' doesn't exist>
[2013-12-04 09:23:30] No query pending <Table 'jstree.temp_tree' doesn't exist>
[2013-12-04 09:23:30] INSERT INTO `temp_stack` SELECT `id`, 1, NULL, 0, 1, `parent_id`, `position` FROM `temp_tree` WHERE `parent_id` = 0 <Table 'jstree.temp_stack' doesn't exist>
[2013-12-04 09:23:30] DELETE FROM `temp_tree` WHERE `parent_id` = 0 <Table 'jstree.temp_tree' doesn't exist>
[2013-12-04 09:23:30] INSERT INTO tree (`id`, `parent_id`, `position`, `left`, `right`, `level` ) SELECT `id`, `parent_id`, `position`, `left`, `right`, `level` FROM temp_stack ORDER BY `id` <Table 'jstree.temp_stack' doesn't exist>
